11/25 06:14:32 PM | Gen :1		[[88.49206349 73.21428571]
 [86.30952381 75.5952381 ]
 [83.92857143 76.24007937]]
[[2. 2. 2. 0. 1. 2. 0. 0. 0. 0. 0. 0. 2. 0. 0. 0.]
 [2. 1. 2. 1. 1. 2. 0. 0. 0. 0. 0. 0. 0. 0. 0. 0.]
 [2. 1. 1. 1. 1. 2. 0. 2. 0. 0. 0. 1. 0. 0. 0. 0.]]
11/25 07:10:13 PM | Gen :2		[[88.49206349 73.21428571]
 [86.30952381 75.5952381 ]
 [83.92857143 76.24007937]]
[[2. 2. 2. 0. 1. 2. 0. 0. 0. 0. 0. 0. 2. 0. 0. 0.]
 [2. 1. 2. 1. 1. 2. 0. 0. 0. 0. 0. 0. 0. 0. 0. 0.]
 [2. 1. 1. 1. 1. 2. 0. 2. 0. 0. 0. 1. 0. 0. 0. 0.]]
11/25 07:20:35 PM | Gen :3		[[88.49206349 73.21428571]
 [86.30952381 75.5952381 ]
 [83.92857143 76.24007937]]
[[2. 2. 2. 0. 1. 2. 0. 0. 0. 0. 0. 0. 2. 0. 0. 0.]
 [2. 1. 2. 1. 1. 2. 0. 0. 0. 0. 0. 0. 0. 0. 0. 0.]
 [2. 1. 1. 1. 1. 2. 0. 2. 0. 0. 0. 1. 0. 0. 0. 0.]]
11/25 07:59:39 PM | Gen :4		[[88.49206349 73.21428571]
 [86.30952381 75.5952381 ]
 [83.92857143 76.24007937]]
[[2. 2. 2. 0. 1. 2. 0. 0. 0. 0. 0. 0. 2. 0. 0. 0.]
 [2. 1. 2. 1. 1. 2. 0. 0. 0. 0. 0. 0. 0. 0. 0. 0.]
 [2. 1. 1. 1. 1. 2. 0. 2. 0. 0. 0. 1. 0. 0. 0. 0.]]
11/25 07:59:39 PM | Gen :5		[[88.49206349 73.21428571]
 [86.30952381 75.5952381 ]
 [83.92857143 76.24007937]]
[[2. 2. 2. 0. 1. 2. 0. 0. 0. 0. 0. 0. 2. 0. 0. 0.]
 [2. 1. 2. 1. 1. 2. 0. 0. 0. 0. 0. 0. 0. 0. 0. 0.]
 [2. 1. 1. 1. 1. 2. 0. 2. 0. 0. 0. 1. 0. 0. 0. 0.]]
11/25 07:59:39 PM | Gen :6		[[88.49206349 73.21428571]
 [86.30952381 75.5952381 ]
 [83.92857143 76.24007937]]
[[2. 2. 2. 0. 1. 2. 0. 0. 0. 0. 0. 0. 2. 0. 0. 0.]
 [2. 1. 2. 1. 1. 2. 0. 0. 0. 0. 0. 0. 0. 0. 0. 0.]
 [2. 1. 1. 1. 1. 2. 0. 2. 0. 0. 0. 1. 0. 0. 0. 0.]]
11/25 07:59:39 PM | Gen :7		[[88.49206349 73.21428571]
 [86.30952381 75.5952381 ]
 [83.92857143 76.24007937]]
[[2. 2. 2. 0. 1. 2. 0. 0. 0. 0. 0. 0. 2. 0. 0. 0.]
 [2. 1. 2. 1. 1. 2. 0. 0. 0. 0. 0. 0. 0. 0. 0. 0.]
 [2. 1. 1. 1. 1. 2. 0. 2. 0. 0. 0. 1. 0. 0. 0. 0.]]
11/25 07:59:39 PM | Gen :8		[[88.49206349 73.21428571]
 [86.30952381 75.5952381 ]
 [83.92857143 76.24007937]]
[[2. 2. 2. 0. 1. 2. 0. 0. 0. 0. 0. 0. 2. 0. 0. 0.]
 [2. 1. 2. 1. 1. 2. 0. 0. 0. 0. 0. 0. 0. 0. 0. 0.]
 [2. 1. 1. 1. 1. 2. 0. 2. 0. 0. 0. 1. 0. 0. 0. 0.]]
11/25 07:59:40 PM | Gen :9		[[88.49206349 73.21428571]
 [86.30952381 75.5952381 ]
 [83.92857143 76.24007937]]
[[2. 2. 2. 0. 1. 2. 0. 0. 0. 0. 0. 0. 2. 0. 0. 0.]
 [2. 1. 2. 1. 1. 2. 0. 0. 0. 0. 0. 0. 0. 0. 0. 0.]
 [2. 1. 1. 1. 1. 2. 0. 2. 0. 0. 0. 1. 0. 0. 0. 0.]]
11/25 08:16:18 PM | Gen :10		[[88.49206349 73.21428571]
 [86.30952381 75.5952381 ]
 [83.92857143 76.24007937]]
[[2. 2. 2. 0. 1. 2. 0. 0. 0. 0. 0. 0. 2. 0. 0. 0.]
 [2. 1. 2. 1. 1. 2. 0. 0. 0. 0. 0. 0. 0. 0. 0. 0.]
 [2. 1. 1. 1. 1. 2. 0. 2. 0. 0. 0. 1. 0. 0. 0. 0.]]
11/25 08:16:18 PM | Gen :11		[[88.49206349 73.21428571]
 [86.30952381 75.5952381 ]
 [83.92857143 76.24007937]]
[[2. 2. 2. 0. 1. 2. 0. 0. 0. 0. 0. 0. 2. 0. 0. 0.]
 [2. 1. 2. 1. 1. 2. 0. 0. 0. 0. 0. 0. 0. 0. 0. 0.]
 [2. 1. 1. 1. 1. 2. 0. 2. 0. 0. 0. 1. 0. 0. 0. 0.]]
11/25 08:50:19 PM | Gen :12		[[88.49206349 73.21428571]
 [86.30952381 75.5952381 ]
 [83.92857143 76.24007937]]
[[2. 2. 2. 0. 1. 2. 0. 0. 0. 0. 0. 0. 2. 0. 0. 0.]
 [2. 1. 2. 1. 1. 2. 0. 0. 0. 0. 0. 0. 0. 0. 0. 0.]
 [2. 1. 1. 1. 1. 2. 0. 2. 0. 0. 0. 1. 0. 0. 0. 0.]]
11/25 08:50:20 PM | Gen :13		[[88.49206349 73.21428571]
 [86.30952381 75.5952381 ]
 [83.92857143 76.24007937]]
[[2. 2. 2. 0. 1. 2. 0. 0. 0. 0. 0. 0. 2. 0. 0. 0.]
 [2. 1. 2. 1. 1. 2. 0. 0. 0. 0. 0. 0. 0. 0. 0. 0.]
 [2. 1. 1. 1. 1. 2. 0. 2. 0. 0. 0. 1. 0. 0. 0. 0.]]
11/25 08:50:22 PM | Gen :14		[[88.49206349 73.21428571]
 [86.30952381 75.5952381 ]
 [83.92857143 76.24007937]]
[[2. 2. 2. 0. 1. 2. 0. 0. 0. 0. 0. 0. 2. 0. 0. 0.]
 [2. 1. 2. 1. 1. 2. 0. 0. 0. 0. 0. 0. 0. 0. 0. 0.]
 [2. 1. 1. 1. 1. 2. 0. 2. 0. 0. 0. 1. 0. 0. 0. 0.]]
11/25 08:50:23 PM | Gen :15		[[88.49206349 73.21428571]
 [86.30952381 75.5952381 ]
 [83.92857143 76.24007937]]
[[2. 2. 2. 0. 1. 2. 0. 0. 0. 0. 0. 0. 2. 0. 0. 0.]
 [2. 1. 2. 1. 1. 2. 0. 0. 0. 0. 0. 0. 0. 0. 0. 0.]
 [2. 1. 1. 1. 1. 2. 0. 2. 0. 0. 0. 1. 0. 0. 0. 0.]]
11/25 08:50:24 PM | Gen :16		[[88.49206349 73.21428571]
 [86.30952381 75.5952381 ]
 [83.92857143 76.24007937]]
[[2. 2. 2. 0. 1. 2. 0. 0. 0. 0. 0. 0. 2. 0. 0. 0.]
 [2. 1. 2. 1. 1. 2. 0. 0. 0. 0. 0. 0. 0. 0. 0. 0.]
 [2. 1. 1. 1. 1. 2. 0. 2. 0. 0. 0. 1. 0. 0. 0. 0.]]
11/25 08:50:24 PM | Gen :17		[[88.49206349 73.21428571]
 [86.30952381 75.5952381 ]
 [83.92857143 76.24007937]]
[[2. 2. 2. 0. 1. 2. 0. 0. 0. 0. 0. 0. 2. 0. 0. 0.]
 [2. 1. 2. 1. 1. 2. 0. 0. 0. 0. 0. 0. 0. 0. 0. 0.]
 [2. 1. 1. 1. 1. 2. 0. 2. 0. 0. 0. 1. 0. 0. 0. 0.]]
11/25 08:50:25 PM | Gen :18		[[88.49206349 73.21428571]
 [86.30952381 75.5952381 ]
 [83.92857143 76.24007937]]
[[2. 2. 2. 0. 1. 2. 0. 0. 0. 0. 0. 0. 2. 0. 0. 0.]
 [2. 1. 2. 1. 1. 2. 0. 0. 0. 0. 0. 0. 0. 0. 0. 0.]
 [2. 1. 1. 1. 1. 2. 0. 2. 0. 0. 0. 1. 0. 0. 0. 0.]]
11/25 08:50:26 PM | Gen :19		[[88.49206349 73.21428571]
 [86.30952381 75.5952381 ]
 [83.92857143 76.24007937]]
[[2. 2. 2. 0. 1. 2. 0. 0. 0. 0. 0. 0. 2. 0. 0. 0.]
 [2. 1. 2. 1. 1. 2. 0. 0. 0. 0. 0. 0. 0. 0. 0. 0.]
 [2. 1. 1. 1. 1. 2. 0. 2. 0. 0. 0. 1. 0. 0. 0. 0.]]
11/25 08:50:27 PM | Gen :20		[[88.49206349 73.21428571]
 [86.30952381 75.5952381 ]
 [83.92857143 76.24007937]]
[[2. 2. 2. 0. 1. 2. 0. 0. 0. 0. 0. 0. 2. 0. 0. 0.]
 [2. 1. 2. 1. 1. 2. 0. 0. 0. 0. 0. 0. 0. 0. 0. 0.]
 [2. 1. 1. 1. 1. 2. 0. 2. 0. 0. 0. 1. 0. 0. 0. 0.]]
11/25 08:50:29 PM | Gen :21		[[88.49206349 73.21428571]
 [86.30952381 75.5952381 ]
 [83.92857143 76.24007937]]
[[2. 2. 2. 0. 1. 2. 0. 0. 0. 0. 0. 0. 2. 0. 0. 0.]
 [2. 1. 2. 1. 1. 2. 0. 0. 0. 0. 0. 0. 0. 0. 0. 0.]
 [2. 1. 1. 1. 1. 2. 0. 2. 0. 0. 0. 1. 0. 0. 0. 0.]]
11/25 08:50:31 PM | Gen :22		[[88.49206349 73.21428571]
 [86.30952381 75.5952381 ]
 [83.92857143 76.24007937]]
[[2. 2. 2. 0. 1. 2. 0. 0. 0. 0. 0. 0. 2. 0. 0. 0.]
 [2. 1. 2. 1. 1. 2. 0. 0. 0. 0. 0. 0. 0. 0. 0. 0.]
 [2. 1. 1. 1. 1. 2. 0. 2. 0. 0. 0. 1. 0. 0. 0. 0.]]
11/25 08:50:33 PM | Gen :23		[[88.49206349 73.21428571]
 [86.30952381 75.5952381 ]
 [83.92857143 76.24007937]]
[[2. 2. 2. 0. 1. 2. 0. 0. 0. 0. 0. 0. 2. 0. 0. 0.]
 [2. 1. 2. 1. 1. 2. 0. 0. 0. 0. 0. 0. 0. 0. 0. 0.]
 [2. 1. 1. 1. 1. 2. 0. 2. 0. 0. 0. 1. 0. 0. 0. 0.]]
11/25 08:50:35 PM | Gen :24		[[88.49206349 73.21428571]
 [86.30952381 75.5952381 ]
 [83.92857143 76.24007937]]
[[2. 2. 2. 0. 1. 2. 0. 0. 0. 0. 0. 0. 2. 0. 0. 0.]
 [2. 1. 2. 1. 1. 2. 0. 0. 0. 0. 0. 0. 0. 0. 0. 0.]
 [2. 1. 1. 1. 1. 2. 0. 2. 0. 0. 0. 1. 0. 0. 0. 0.]]
11/25 08:50:37 PM | Gen :25		[[88.49206349 73.21428571]
 [86.30952381 75.5952381 ]
 [83.92857143 76.24007937]]
[[2. 2. 2. 0. 1. 2. 0. 0. 0. 0. 0. 0. 2. 0. 0. 0.]
 [2. 1. 2. 1. 1. 2. 0. 0. 0. 0. 0. 0. 0. 0. 0. 0.]
 [2. 1. 1. 1. 1. 2. 0. 2. 0. 0. 0. 1. 0. 0. 0. 0.]]
11/25 08:50:39 PM | Gen :26		[[88.49206349 73.21428571]
 [86.30952381 75.5952381 ]
 [83.92857143 76.24007937]]
[[2. 2. 2. 0. 1. 2. 0. 0. 0. 0. 0. 0. 2. 0. 0. 0.]
 [2. 1. 2. 1. 1. 2. 0. 0. 0. 0. 0. 0. 0. 0. 0. 0.]
 [2. 1. 1. 1. 1. 2. 0. 2. 0. 0. 0. 1. 0. 0. 0. 0.]]
11/25 08:50:41 PM | Gen :27		[[88.49206349 73.21428571]
 [86.30952381 75.5952381 ]
 [83.92857143 76.24007937]]
[[2. 2. 2. 0. 1. 2. 0. 0. 0. 0. 0. 0. 2. 0. 0. 0.]
 [2. 1. 2. 1. 1. 2. 0. 0. 0. 0. 0. 0. 0. 0. 0. 0.]
 [2. 1. 1. 1. 1. 2. 0. 2. 0. 0. 0. 1. 0. 0. 0. 0.]]
11/25 08:50:43 PM | Gen :28		[[88.49206349 73.21428571]
 [86.30952381 75.5952381 ]
 [83.92857143 76.24007937]]
[[2. 2. 2. 0. 1. 2. 0. 0. 0. 0. 0. 0. 2. 0. 0. 0.]
 [2. 1. 2. 1. 1. 2. 0. 0. 0. 0. 0. 0. 0. 0. 0. 0.]
 [2. 1. 1. 1. 1. 2. 0. 2. 0. 0. 0. 1. 0. 0. 0. 0.]]
11/25 08:50:44 PM | Gen :29		[[88.49206349 73.21428571]
 [86.30952381 75.5952381 ]
 [83.92857143 76.24007937]]
[[2. 2. 2. 0. 1. 2. 0. 0. 0. 0. 0. 0. 2. 0. 0. 0.]
 [2. 1. 2. 1. 1. 2. 0. 0. 0. 0. 0. 0. 0. 0. 0. 0.]
 [2. 1. 1. 1. 1. 2. 0. 2. 0. 0. 0. 1. 0. 0. 0. 0.]]
11/25 08:50:46 PM | Gen :30		[[88.49206349 73.21428571]
 [86.30952381 75.5952381 ]
 [83.92857143 76.24007937]]
[[2. 2. 2. 0. 1. 2. 0. 0. 0. 0. 0. 0. 2. 0. 0. 0.]
 [2. 1. 2. 1. 1. 2. 0. 0. 0. 0. 0. 0. 0. 0. 0. 0.]
 [2. 1. 1. 1. 1. 2. 0. 2. 0. 0. 0. 1. 0. 0. 0. 0.]]
11/25 08:50:46 PM | Gen :30		[[88.49206349 73.21428571]
 [86.30952381 75.5952381 ]
 [83.92857143 76.24007937]
 [88.39285714 75.1984127 ]
 [88.88888889 72.37103175]
 [89.68253968 69.99007937]]
[[2. 2. 2. 0. 1. 2. 0. 0. 0. 0. 0. 0. 2. 0. 0. 0.]
 [2. 1. 2. 1. 1. 2. 0. 0. 0. 0. 0. 0. 0. 0. 0. 0.]
 [2. 1. 1. 1. 1. 2. 0. 2. 0. 0. 0. 1. 0. 0. 0. 0.]
 [2. 2. 2. 0. 1. 2. 0. 0. 0. 0. 0. 0. 0. 0. 0. 0.]
 [2. 2. 2. 0. 1. 2. 0. 0. 0. 2. 0. 0. 0. 0. 0. 0.]
 [2. 1. 2. 0. 0. 2. 1. 0. 0. 0. 0. 0. 0. 0. 0. 0.]]
